<?xml version="1.0" encoding="UTF-8"?>
<!-- Generated by org.testng.reporters.JUnitXMLReporter -->
<testsuite hostname="MAN-Dell1076" name="Default test" tests="2" failures="0" timestamp="1 Jun 2015 19:48:36 GMT" time="54.565" errors="0">
  <testcase name="contactPageVerifyErrorsDisplay" time="12.026" classname="xpanxion.SDETexam.selenium.test.EmptyContactFormSubmitTest"/>
  <testcase name="testContactPage" time="10.643" classname="xpanxion.SDETexam.selenium.test.EmptyContactFormSubmitTest"/>
</testsuite> <!-- Default test -->
