<?xml version="1.0" encoding="UTF-8"?>
<testng-results skipped="0" failed="0" total="2" passed="2">
  <reporter-output>
  </reporter-output>
  <suite name="Default suite" duration-ms="54565" started-at="2015-06-01T19:47:42Z" finished-at="2015-06-01T19:48:36Z">
    <groups>
    </groups>
    <test name="Default test" duration-ms="54565" started-at="2015-06-01T19:47:42Z" finished-at="2015-06-01T19:48:36Z">
      <class name="xpanxion.SDETexam.selenium.test.EmptyContactFormSubmitTest">
        <test-method status="PASS" signature="setup(java.lang.reflect.Method)[pri:0, instance:xpanxion.SDETexam.selenium.test.EmptyContactFormSubmitTest@4e718207]" name="setup" is-config="true" duration-ms="16326" started-at="2015-06-01T14:47:42Z" finished-at="2015-06-01T14:47:58Z">
          <params>
            <param index="0">
              <value>
                <![CDATA[public void xpanxion.SDETexam.selenium.test.EmptyContactFormSubmitTest.contactPageVerifyErrorsDisplay()]]>
              </value>
            </param>
          </params>
          <reporter-output>
          </reporter-output>
        </test-method> <!-- setup -->
        <test-method status="PASS" signature="contactPageVerifyErrorsDisplay()[pri:0, instance:xpanxion.SDETexam.selenium.test.EmptyContactFormSubmitTest@4e718207]" name="contactPageVerifyErrorsDisplay" duration-ms="12026" started-at="2015-06-01T14:47:58Z" finished-at="2015-06-01T14:48:10Z">
          <reporter-output>
          </reporter-output>
        </test-method> <!-- contactPageVerifyErrorsDisplay -->
        <test-method status="PASS" signature="teardown(java.lang.reflect.Method)[pri:0, instance:xpanxion.SDETexam.selenium.test.EmptyContactFormSubmitTest@4e718207]" name="teardown" is-config="true" duration-ms="942" started-at="2015-06-01T14:48:10Z" finished-at="2015-06-01T14:48:11Z">
          <params>
            <param index="0">
              <value>
                <![CDATA[public void xpanxion.SDETexam.selenium.test.EmptyContactFormSubmitTest.contactPageVerifyErrorsDisplay()]]>
              </value>
            </param>
          </params>
          <reporter-output>
          </reporter-output>
        </test-method> <!-- teardown -->
        <test-method status="PASS" signature="setup(java.lang.reflect.Method)[pri:0, instance:xpanxion.SDETexam.selenium.test.EmptyContactFormSubmitTest@4e718207]" name="setup" is-config="true" duration-ms="13802" started-at="2015-06-01T14:48:11Z" finished-at="2015-06-01T14:48:25Z">
          <params>
            <param index="0">
              <value>
                <![CDATA[public void xpanxion.SDETexam.selenium.test.EmptyContactFormSubmitTest.testContactPage()]]>
              </value>
            </param>
          </params>
          <reporter-output>
          </reporter-output>
        </test-method> <!-- setup -->
        <test-method status="PASS" signature="testContactPage()[pri:0, instance:xpanxion.SDETexam.selenium.test.EmptyContactFormSubmitTest@4e718207]" name="testContactPage" duration-ms="10643" started-at="2015-06-01T14:48:25Z" finished-at="2015-06-01T14:48:36Z">
          <reporter-output>
          </reporter-output>
        </test-method> <!-- testContactPage -->
        <test-method status="PASS" signature="teardown(java.lang.reflect.Method)[pri:0, instance:xpanxion.SDETexam.selenium.test.EmptyContactFormSubmitTest@4e718207]" name="teardown" is-config="true" duration-ms="808" started-at="2015-06-01T14:48:36Z" finished-at="2015-06-01T14:48:36Z">
          <params>
            <param index="0">
              <value>
                <![CDATA[public void xpanxion.SDETexam.selenium.test.EmptyContactFormSubmitTest.testContactPage()]]>
              </value>
            </param>
          </params>
          <reporter-output>
          </reporter-output>
        </test-method> <!-- teardown -->
      </class> <!-- xpanxion.SDETexam.selenium.test.EmptyContactFormSubmitTest -->
    </test> <!-- Default test -->
  </suite> <!-- Default suite -->
</testng-results>
